<?xml version="1.0" encoding="UTF-8"?>
<testng-results skipped="0" failed="0" ignored="0" total="4" passed="4">
  <reporter-output>
  </reporter-output>
  <suite name="Suite" duration-ms="60721" started-at="2020-03-31T16:51:39 IST" finished-at="2020-03-31T16:52:40 IST">
    <groups>
    </groups>
    <test name="Validating User login" duration-ms="33905" started-at="2020-03-31T16:51:39 IST" finished-at="2020-03-31T16:52:13 IST">
      <class name="Academy.HomePage">
        <test-method status="PASS" signature="initialize()[pri:0, instance:Academy.HomePage@38e79ae3]" name="initialize" is-config="true" duration-ms="7815" started-at="2020-03-31T16:51:39 IST" finished-at="2020-03-31T16:51:47 IST">
          <reporter-output>
          </reporter-output>
        </test-method> <!-- initialize -->
        <test-method status="PASS" signature="basePageNavigation(java.lang.String, java.lang.String, java.lang.String)[pri:0, instance:Academy.HomePage@38e79ae3]" name="basePageNavigation" duration-ms="17525" started-at="2020-03-31T16:51:47 IST" data-provider="getData" finished-at="2020-03-31T16:52:05 IST">
          <params>
            <param index="0">
              <value>
                <![CDATA[nonrestricteduser@qw.com]]>
              </value>
            </param>
            <param index="1">
              <value>
                <![CDATA[123456]]>
              </value>
            </param>
            <param index="2">
              <value>
                <![CDATA[Restrcited User]]>
              </value>
            </param>
          </params>
          <reporter-output>
          </reporter-output>
        </test-method> <!-- basePageNavigation -->
        <test-method status="PASS" signature="basePageNavigation(java.lang.String, java.lang.String, java.lang.String)[pri:0, instance:Academy.HomePage@38e79ae3]" name="basePageNavigation" duration-ms="8344" started-at="2020-03-31T16:52:05 IST" data-provider="getData" finished-at="2020-03-31T16:52:13 IST">
          <params>
            <param index="0">
              <value>
                <![CDATA[restricteduser@qw.com]]>
              </value>
            </param>
            <param index="1">
              <value>
                <![CDATA[456788]]>
              </value>
            </param>
            <param index="2">
              <value>
                <![CDATA[Non restricted user]]>
              </value>
            </param>
          </params>
          <reporter-output>
          </reporter-output>
        </test-method> <!-- basePageNavigation -->
        <test-method status="PASS" signature="teardown()[pri:0, instance:Academy.HomePage@38e79ae3]" name="teardown" is-config="true" duration-ms="156" started-at="2020-03-31T16:52:13 IST" finished-at="2020-03-31T16:52:13 IST">
          <reporter-output>
          </reporter-output>
        </test-method> <!-- teardown -->
      </class> <!-- Academy.HomePage -->
    </test> <!-- Validating User login -->
    <test name="Validating title in the Page" duration-ms="11473" started-at="2020-03-31T16:52:13 IST" finished-at="2020-03-31T16:52:25 IST">
      <class name="Academy.validateTitle">
        <test-method status="PASS" signature="initialize()[pri:0, instance:Academy.validateTitle@7c1e2a9e]" name="initialize" is-config="true" duration-ms="11220" started-at="2020-03-31T16:52:13 IST" finished-at="2020-03-31T16:52:25 IST">
          <reporter-output>
          </reporter-output>
        </test-method> <!-- initialize -->
        <test-method status="PASS" signature="validateAppTitle()[pri:0, instance:Academy.validateTitle@7c1e2a9e]" name="validateAppTitle" duration-ms="54" started-at="2020-03-31T16:52:25 IST" finished-at="2020-03-31T16:52:25 IST">
          <reporter-output>
          </reporter-output>
        </test-method> <!-- validateAppTitle -->
        <test-method status="PASS" signature="teardown()[pri:0, instance:Academy.validateTitle@7c1e2a9e]" name="teardown" is-config="true" duration-ms="187" started-at="2020-03-31T16:52:25 IST" finished-at="2020-03-31T16:52:25 IST">
          <reporter-output>
          </reporter-output>
        </test-method> <!-- teardown -->
      </class> <!-- Academy.validateTitle -->
    </test> <!-- Validating title in the Page -->
    <test name="App Testing" duration-ms="1" started-at="2020-03-31T16:52:25 IST" finished-at="2020-03-31T16:52:25 IST">
    </test> <!-- App Testing -->
    <test name="Validating navigation Bar" duration-ms="15273" started-at="2020-03-31T16:52:25 IST" finished-at="2020-03-31T16:52:40 IST">
      <class name="Academy.validateNavigationBar">
        <test-method status="PASS" signature="initialize()[pri:0, instance:Academy.validateNavigationBar@14dd7b39]" name="initialize" is-config="true" duration-ms="14787" started-at="2020-03-31T16:52:25 IST" finished-at="2020-03-31T16:52:40 IST">
          <reporter-output>
          </reporter-output>
        </test-method> <!-- initialize -->
        <test-method status="PASS" signature="validateAppNavBar()[pri:0, instance:Academy.validateNavigationBar@14dd7b39]" name="validateAppNavBar" duration-ms="283" started-at="2020-03-31T16:52:40 IST" finished-at="2020-03-31T16:52:40 IST">
          <reporter-output>
          </reporter-output>
        </test-method> <!-- validateAppNavBar -->
        <test-method status="PASS" signature="teardown()[pri:0, instance:Academy.validateNavigationBar@14dd7b39]" name="teardown" is-config="true" duration-ms="199" started-at="2020-03-31T16:52:40 IST" finished-at="2020-03-31T16:52:40 IST">
          <reporter-output>
          </reporter-output>
        </test-method> <!-- teardown -->
      </class> <!-- Academy.validateNavigationBar -->
    </test> <!-- Validating navigation Bar -->
  </suite> <!-- Suite -->
</testng-results>
